<?xml version="1.0" encoding="UTF-8"?>
<testng-results ignored="0" total="1" passed="1" failed="0" skipped="0">
  <reporter-output>
  </reporter-output>
  <suite started-at="2025-07-02T22:30:41 IST" name="Master Suite" finished-at="2025-07-02T22:30:52 IST" duration-ms="10216">
    <groups>
      <group name="master">
        <method signature="TC002_Login_Test.verify_login()[pri:0, instance:testCases.TC002_Login_Test@70fab835]" name="verify_login" class="testCases.TC002_Login_Test"/>
      </group> <!-- master -->
    </groups>
    <test started-at="2025-07-02T22:30:41 IST" name="Test" finished-at="2025-07-02T22:30:52 IST" duration-ms="10216">
      <class name="testCases.TC002_Login_Test">
        <test-method is-config="true" signature="setup(java.lang.String,java.lang.String)[pri:0, instance:testCases.TC002_Login_Test@70fab835]" started-at="2025-07-02T22:30:42 IST" name="setup" finished-at="2025-07-02T22:30:49 IST" duration-ms="6952" status="PASS">
          <params>
            <param index="0">
              <value>
                <![CDATA[windows]]>
              </value>
            </param>
            <param index="1">
              <value>
                <![CDATA[chrome]]>
              </value>
            </param>
          </params>
          <reporter-output>
          </reporter-output>
        </test-method> <!-- setup -->
        <test-method signature="verify_login()[pri:0, instance:testCases.TC002_Login_Test@70fab835]" started-at="2025-07-02T22:30:49 IST" name="verify_login" finished-at="2025-07-02T22:30:51 IST" duration-ms="2529" status="PASS">
          <reporter-output>
          </reporter-output>
        </test-method> <!-- verify_login -->
        <test-method is-config="true" signature="tearDown()[pri:0, instance:testCases.TC002_Login_Test@70fab835]" started-at="2025-07-02T22:30:51 IST" name="tearDown" finished-at="2025-07-02T22:30:52 IST" duration-ms="405" status="PASS">
          <reporter-output>
          </reporter-output>
        </test-method> <!-- tearDown -->
      </class> <!-- testCases.TC002_Login_Test -->
    </test> <!-- Test -->
  </suite> <!-- Master Suite -->
</testng-results>
